Adivinando/Adivinando/app/build/intermediates/manifest_merge_blame_file/debug/manifest-merger-blame-debug-report.txt
1<?xml version="1.0" encoding="utf-8"?>
2<manifest xmlns:android="http://schemas.android.com/apk/res/android"
3    package="com.divinando.tfg.adivinando"
4    android:versionCode="1"
5    android:versionName="1.0" >
6
7    <uses-sdk
8        android:minSdkVersion="21"
8-->src\main\AndroidManifest.xml
9        android:targetSdkVersion="31" />
9-->src\main\AndroidManifest.xml
10
11    <queries>
11-->src\main\AndroidManifest.xml:5:5-106
12        <provider android:authorities="com.facebook.katana.provider.PlatformProvider" />
12-->src\main\AndroidManifest.xml:5:15-95
12-->src\main\AndroidManifest.xml:5:25-92
13    </queries>
14
15    <uses-permission android:name="android.permission.INTERNET" />
15-->src\main\AndroidManifest.xml:6:5-67
15-->src\main\AndroidManifest.xml:6:22-64
16    <uses-permission android:name="android.permission.ACCESS_NETWORK_STATE" />
16-->src\main\AndroidManifest.xml:7:5-79
16-->src\main\AndroidManifest.xml:7:22-76
17    <uses-permission android:name="com.google.android.gms.permission.ACTIVITY_RECOGNITION" />
17-->src\main\AndroidManifest.xml:8:5-94
17-->src\main\AndroidManifest.xml:8:22-91
18    <uses-permission android:name="android.permission.WAKE_LOCK" />
18-->[com.google.android.gms:play-services-measurement-api:21.0.0] AndroidManifest.xml:24:5-68
18-->[com.google.android.gms:play-services-measurement-api:21.0.0] AndroidManifest.xml:24:22-65
19    <uses-permission android:name="com.google.android.finsky.permission.BIND_GET_INSTALL_REFERRER_SERVICE" />
19-->[com.google.android.gms:play-services-measurement:21.0.0] AndroidManifest.xml:26:5-110
19-->[com.google.android.gms:play-services-measurement:21.0.0] AndroidManifest.xml:26:22-107
20
21    <application
21-->src\main\AndroidManifest.xml:14:5-69:19
22        android:allowBackup="true"
22-->src\main\AndroidManifest.xml:15:9-35
23        android:appComponentFactory="androidx.core.app.CoreComponentFactory"
23-->[androidx.core:core:1.7.0] AndroidManifest.xml:24:18-86
24        android:debuggable="true"
25        android:icon="@mipmap/ic_launcher"
25-->src\main\AndroidManifest.xml:16:9-43
26        android:label="@string/app_name"
26-->src\main\AndroidManifest.xml:17:9-41
27        android:roundIcon="@mipmap/ic_launcher_round"
27-->src\main\AndroidManifest.xml:18:9-54
28        android:supportsRtl="true"
28-->src\main\AndroidManifest.xml:19:9-35
29        android:testOnly="true"
30        android:theme="@style/Theme.Adivinando" >
30-->src\main\AndroidManifest.xml:20:9-48
31        <activity
31-->src\main\AndroidManifest.xml:21:9-24:45
32            android:name="com.divinando.tfg.adivinando.ui.MenuFragments.Login.Login"
32-->src\main\AndroidManifest.xml:22:13-85
33            android:exported="false" />
33-->src\main\AndroidManifest.xml:23:13-37
34        <activity
34-->src\main\AndroidManifest.xml:25:9-35:20
35            android:name="com.divinando.tfg.adivinando.ui.SplashScreenActivity"
35-->src\main\AndroidManifest.xml:26:13-52
36            android:configChanges="orientation|keyboardHidden|screenSize"
36-->src\main\AndroidManifest.xml:27:13-74
37            android:exported="true"
37-->src\main\AndroidManifest.xml:28:13-36
38            android:theme="@style/Theme.Adivinando.Fullscreen" >
38-->src\main\AndroidManifest.xml:29:13-63
39            <intent-filter>
39-->src\main\AndroidManifest.xml:30:13-34:29
40                <action android:name="android.intent.action.MAIN" />
40-->src\main\AndroidManifest.xml:31:17-69
40-->src\main\AndroidManifest.xml:31:25-66
41
42                <category android:name="android.intent.category.LAUNCHER" />
42-->src\main\AndroidManifest.xml:33:17-77
42-->src\main\AndroidManifest.xml:33:27-74
43            </intent-filter>
44        </activity>
45        <activity
45-->src\main\AndroidManifest.xml:36:9-42:20
46            android:name="com.divinando.tfg.adivinando.ui.MainActivity"
46-->src\main\AndroidManifest.xml:37:13-44
47            android:exported="true"
47-->src\main\AndroidManifest.xml:38:13-36
48            android:label="@string/app_name"
48-->src\main\AndroidManifest.xml:39:13-45
49            android:theme="@style/Theme.Adivinando.NoActionBar" >
49-->src\main\AndroidManifest.xml:40:13-64
50        </activity>
51
52        <meta-data
52-->src\main\AndroidManifest.xml:44:9-46:55
53            android:name="com.facebook.sdk.ApplicationId"
53-->src\main\AndroidManifest.xml:45:13-58
54            android:value="@string/facebook_app_id" />
54-->src\main\AndroidManifest.xml:46:13-52
55        <meta-data
55-->src\main\AndroidManifest.xml:47:9-49:61
56            android:name="com.facebook.sdk.ClientToken"
56-->src\main\AndroidManifest.xml:48:13-56
57            android:value="@string/facebook_client_token" />
57-->src\main\AndroidManifest.xml:49:13-58
58
59        <activity
59-->src\main\AndroidManifest.xml:51:9-54:48
60            android:name="com.facebook.FacebookActivity"
60-->src\main\AndroidManifest.xml:52:13-57
61            android:configChanges="keyboard|keyboardHidden|screenLayout|screenSize|orientation"
61-->src\main\AndroidManifest.xml:53:13-96
62            android:label="@string/app_name"
62-->src\main\AndroidManifest.xml:54:13-45
63            android:theme="@style/com_facebook_activity_theme" />
63-->[com.facebook.android:facebook-common:13.2.0] AndroidManifest.xml:33:13-63
64        <activity
64-->src\main\AndroidManifest.xml:55:9-66:20
65            android:name="com.facebook.CustomTabActivity"
65-->src\main\AndroidManifest.xml:56:13-58
66            android:exported="true" >
66-->src\main\AndroidManifest.xml:57:13-36
67            <intent-filter>
67-->src\main\AndroidManifest.xml:58:13-65:29
68                <action android:name="android.intent.action.VIEW" />
68-->src\main\AndroidManifest.xml:59:17-69
68-->src\main\AndroidManifest.xml:59:25-66
69
70                <category android:name="android.intent.category.DEFAULT" />
70-->src\main\AndroidManifest.xml:61:17-76
70-->src\main\AndroidManifest.xml:61:27-73
71                <category android:name="android.intent.category.BROWSABLE" />
71-->src\main\AndroidManifest.xml:62:17-78
71-->src\main\AndroidManifest.xml:62:27-75
72
73                <data android:scheme="@string/fb_login_protocol_scheme" />
73-->src\main\AndroidManifest.xml:64:17-75
73-->src\main\AndroidManifest.xml:64:23-72
74            </intent-filter>
75            <intent-filter>
75-->[com.facebook.android:facebook-common:13.2.0] AndroidManifest.xml:39:13-48:29
76                <action android:name="android.intent.action.VIEW" />
76-->src\main\AndroidManifest.xml:59:17-69
76-->src\main\AndroidManifest.xml:59:25-66
77
78                <category android:name="android.intent.category.DEFAULT" />
78-->src\main\AndroidManifest.xml:61:17-76
78-->src\main\AndroidManifest.xml:61:27-73
79                <category android:name="android.intent.category.BROWSABLE" />
79-->src\main\AndroidManifest.xml:62:17-78
79-->src\main\AndroidManifest.xml:62:27-75
80
81                <data
81-->src\main\AndroidManifest.xml:64:17-75
82                    android:host="cct.com.divinando.tfg.adivinando"
83                    android:scheme="fbconnect" />
83-->src\main\AndroidManifest.xml:64:23-72
84            </intent-filter>
85        </activity>
86
87        <meta-data
87-->src\main\AndroidManifest.xml:44:9-46:55
88            android:name="com.facebook.sdk.ApplicationId"
88-->src\main\AndroidManifest.xml:45:13-58
89            android:value="@string/facebook_app_id" />
89-->src\main\AndroidManifest.xml:46:13-52
90        <meta-data
90-->src\main\AndroidManifest.xml:47:9-49:61
91            android:name="com.facebook.sdk.ClientToken"
91-->src\main\AndroidManifest.xml:48:13-56
92            android:value="@string/facebook_client_token" />
92-->src\main\AndroidManifest.xml:49:13-58
93
94        <activity android:name="com.facebook.CustomTabMainActivity" />
94-->[com.facebook.android:facebook-common:13.2.0] AndroidManifest.xml:34:9-71
94-->[com.facebook.android:facebook-common:13.2.0] AndroidManifest.xml:34:19-68
95
96        <service
96-->[com.google.firebase:firebase-auth-ktx:21.0.4] AndroidManifest.xml:8:9-14:19
97            android:name="com.google.firebase.components.ComponentDiscoveryService"
97-->[com.google.firebase:firebase-auth-ktx:21.0.4] AndroidManifest.xml:9:13-84
98            android:directBootAware="true"
98-->[com.google.firebase:firebase-common:20.1.0] AndroidManifest.xml:35:13-43
99            android:exported="false" >
99-->[com.google.firebase:firebase-auth-ktx:21.0.4] AndroidManifest.xml:10:13-37
100            <meta-data
100-->[com.google.firebase:firebase-auth-ktx:21.0.4] AndroidManifest.xml:11:13-13:85
101                android:name="com.google.firebase.components:com.google.firebase.auth.ktx.FirebaseAuthKtxRegistrar"
101-->[com.google.firebase:firebase-auth-ktx:21.0.4] AndroidManifest.xml:12:17-116
102                android:value="com.google.firebase.components.ComponentRegistrar" />
102-->[com.google.firebase:firebase-auth-ktx:21.0.4] AndroidManifest.xml:13:17-82
103            <meta-data
103-->[com.google.firebase:firebase-auth:21.0.4] AndroidManifest.xml:67:13-69:85
104                android:name="com.google.firebase.components:com.google.firebase.auth.FirebaseAuthRegistrar"
104-->[com.google.firebase:firebase-auth:21.0.4] AndroidManifest.xml:68:17-109
105                android:value="com.google.firebase.components.ComponentRegistrar" />
105-->[com.google.firebase:firebase-auth:21.0.4] AndroidManifest.xml:69:17-82
106            <meta-data
106-->[com.google.firebase:firebase-storage-ktx:20.0.1] AndroidManifest.xml:15:13-17:85
107                android:name="com.google.firebase.components:com.google.firebase.storage.ktx.FirebaseStorageKtxRegistrar"
107-->[com.google.firebase:firebase-storage-ktx:20.0.1] AndroidManifest.xml:16:17-122
108                android:value="com.google.firebase.components.ComponentRegistrar" />
108-->[com.google.firebase:firebase-storage-ktx:20.0.1] AndroidManifest.xml:17:17-82
109            <meta-data
109-->[com.google.firebase:firebase-storage:20.0.1] AndroidManifest.xml:33:13-35:85
110                android:name="com.google.firebase.components:com.google.firebase.storage.StorageRegistrar"
110-->[com.google.firebase:firebase-storage:20.0.1] AndroidManifest.xml:34:17-107
111                android:value="com.google.firebase.components.ComponentRegistrar" />
111-->[com.google.firebase:firebase-storage:20.0.1] AndroidManifest.xml:35:17-82
112            <meta-data
112-->[com.google.firebase:firebase-firestore-ktx:24.1.0] AndroidManifest.xml:15:13-17:85
113                android:name="com.google.firebase.components:com.google.firebase.firestore.ktx.FirebaseFirestoreKtxRegistrar"
113-->[com.google.firebase:firebase-firestore-ktx:24.1.0] AndroidManifest.xml:16:17-126
114                android:value="com.google.firebase.components.ComponentRegistrar" />
114-->[com.google.firebase:firebase-firestore-ktx:24.1.0] AndroidManifest.xml:17:17-82
115            <meta-data
115-->[com.google.firebase:firebase-firestore:24.1.0] AndroidManifest.xml:20:13-22:85
116                android:name="com.google.firebase.components:com.google.firebase.firestore.FirestoreRegistrar"
116-->[com.google.firebase:firebase-firestore:24.1.0] AndroidManifest.xml:21:17-111
117                android:value="com.google.firebase.components.ComponentRegistrar" />
117-->[com.google.firebase:firebase-firestore:24.1.0] AndroidManifest.xml:22:17-82
118            <meta-data
118-->[com.google.firebase:firebase-common-ktx:20.1.0] AndroidManifest.xml:15:13-17:85
119                android:name="com.google.firebase.components:com.google.firebase.ktx.FirebaseCommonKtxRegistrar"
119-->[com.google.firebase:firebase-common-ktx:20.1.0] AndroidManifest.xml:16:17-113
120                android:value="com.google.firebase.components.ComponentRegistrar" />
120-->[com.google.firebase:firebase-common-ktx:20.1.0] AndroidManifest.xml:17:17-82
121            <meta-data
121-->[com.google.android.gms:play-services-measurement-api:21.0.0] AndroidManifest.xml:31:13-33:85
122                android:name="com.google.firebase.components:com.google.firebase.analytics.connector.internal.AnalyticsConnectorRegistrar"
122-->[com.google.android.gms:play-services-measurement-api:21.0.0] AndroidManifest.xml:32:17-139
123                android:value="com.google.firebase.components.ComponentRegistrar" />
123-->[com.google.android.gms:play-services-measurement-api:21.0.0] AndroidManifest.xml:33:17-82
124            <meta-data
124-->[com.google.firebase:firebase-installations:17.0.1] AndroidManifest.xml:18:13-20:85
125                android:name="com.google.firebase.components:com.google.firebase.installations.FirebaseInstallationsRegistrar"
125-->[com.google.firebase:firebase-installations:17.0.1] AndroidManifest.xml:19:17-127
126                android:value="com.google.firebase.components.ComponentRegistrar" />
126-->[com.google.firebase:firebase-installations:17.0.1] AndroidManifest.xml:20:17-82
127        </service>
128
129        <activity
129-->[com.google.firebase:firebase-auth:21.0.4] AndroidManifest.xml:27:9-44:20
130            android:name="com.google.firebase.auth.internal.GenericIdpActivity"
130-->[com.google.firebase:firebase-auth:21.0.4] AndroidManifest.xml:28:13-80
131            android:excludeFromRecents="true"
131-->[com.google.firebase:firebase-auth:21.0.4] AndroidManifest.xml:29:13-46
132            android:exported="true"
132-->[com.google.firebase:firebase-auth:21.0.4] AndroidManifest.xml:30:13-36
133            android:launchMode="singleTask"
133-->[com.google.firebase:firebase-auth:21.0.4] AndroidManifest.xml:31:13-44
134            android:theme="@android:style/Theme.Translucent.NoTitleBar" >
134-->[com.google.firebase:firebase-auth:21.0.4] AndroidManifest.xml:32:13-72
135            <intent-filter>
135-->[com.google.firebase:firebase-auth:21.0.4] AndroidManifest.xml:33:13-43:29
136                <action android:name="android.intent.action.VIEW" />
136-->src\main\AndroidManifest.xml:59:17-69
136-->src\main\AndroidManifest.xml:59:25-66
137
138                <category android:name="android.intent.category.DEFAULT" />
138-->src\main\AndroidManifest.xml:61:17-76
138-->src\main\AndroidManifest.xml:61:27-73
139                <category android:name="android.intent.category.BROWSABLE" />
139-->src\main\AndroidManifest.xml:62:17-78
139-->src\main\AndroidManifest.xml:62:27-75
140
141                <data
141-->src\main\AndroidManifest.xml:64:17-75
142                    android:host="firebase.auth"
143                    android:path="/"
144                    android:scheme="genericidp" />
144-->src\main\AndroidManifest.xml:64:23-72
145            </intent-filter>
146        </activity>
147        <activity
147-->[com.google.firebase:firebase-auth:21.0.4] AndroidManifest.xml:45:9-62:20
148            android:name="com.google.firebase.auth.internal.RecaptchaActivity"
148-->[com.google.firebase:firebase-auth:21.0.4] AndroidManifest.xml:46:13-79
149            android:excludeFromRecents="true"
149-->[com.google.firebase:firebase-auth:21.0.4] AndroidManifest.xml:47:13-46
150            android:exported="true"
150-->[com.google.firebase:firebase-auth:21.0.4] AndroidManifest.xml:48:13-36
151            android:launchMode="singleTask"
151-->[com.google.firebase:firebase-auth:21.0.4] AndroidManifest.xml:49:13-44
152            android:theme="@android:style/Theme.Translucent.NoTitleBar" >
152-->[com.google.firebase:firebase-auth:21.0.4] AndroidManifest.xml:50:13-72
153            <intent-filter>
153-->[com.google.firebase:firebase-auth:21.0.4] AndroidManifest.xml:51:13-61:29
154                <action android:name="android.intent.action.VIEW" />
154-->src\main\AndroidManifest.xml:59:17-69
154-->src\main\AndroidManifest.xml:59:25-66
155
156                <category android:name="android.intent.category.DEFAULT" />
156-->src\main\AndroidManifest.xml:61:17-76
156-->src\main\AndroidManifest.xml:61:27-73
157                <category android:name="android.intent.category.BROWSABLE" />
157-->src\main\AndroidManifest.xml:62:17-78
157-->src\main\AndroidManifest.xml:62:27-75
158
159                <data
159-->src\main\AndroidManifest.xml:64:17-75
160                    android:host="firebase.auth"
161                    android:path="/"
162                    android:scheme="recaptcha" />
162-->src\main\AndroidManifest.xml:64:23-72
163            </intent-filter>
164        </activity>
165
166        <uses-library
166-->[androidx.window:window:1.0.0] AndroidManifest.xml:25:9-27:40
167            android:name="androidx.window.extensions"
167-->[androidx.window:window:1.0.0] AndroidManifest.xml:26:13-54
168            android:required="false" />
168-->[androidx.window:window:1.0.0] AndroidManifest.xml:27:13-37
169        <uses-library
169-->[androidx.window:window:1.0.0] AndroidManifest.xml:28:9-30:40
170            android:name="androidx.window.sidecar"
170-->[androidx.window:window:1.0.0] AndroidManifest.xml:29:13-51
171            android:required="false" />
171-->[androidx.window:window:1.0.0] AndroidManifest.xml:30:13-37
172        <!--
173         The initialization ContentProvider will call FacebookSdk.sdkInitialize automatically
174         with the application context. This config is merged in with the host app's manifest,
175         but there can only be one provider with the same authority activated at any given
176         point; so if the end user has two or more different apps that use Facebook SDK, only the
177         first one will be able to use the provider. To work around this problem, we use the
178         following placeholder in the authority to identify each host application as if it was
179         a completely different provider.
180        -->
181        <provider
181-->[com.facebook.android:facebook-core:13.2.0] AndroidManifest.xml:41:9-44:40
182            android:name="com.facebook.internal.FacebookInitProvider"
182-->[com.facebook.android:facebook-core:13.2.0] AndroidManifest.xml:42:13-70
183            android:authorities="com.divinando.tfg.adivinando.FacebookInitProvider"
183-->[com.facebook.android:facebook-core:13.2.0] AndroidManifest.xml:43:13-72
184            android:exported="false" />
184-->[com.facebook.android:facebook-core:13.2.0] AndroidManifest.xml:44:13-37
185
186        <receiver
186-->[com.facebook.android:facebook-core:13.2.0] AndroidManifest.xml:46:9-52:20
187            android:name="com.facebook.CurrentAccessTokenExpirationBroadcastReceiver"
187-->[com.facebook.android:facebook-core:13.2.0] AndroidManifest.xml:47:13-86
188            android:exported="false" >
188-->[com.facebook.android:facebook-core:13.2.0] AndroidManifest.xml:48:13-37
189            <intent-filter>
189-->[com.facebook.android:facebook-core:13.2.0] AndroidManifest.xml:49:13-51:29
190                <action android:name="com.facebook.sdk.ACTION_CURRENT_ACCESS_TOKEN_CHANGED" />
190-->[com.facebook.android:facebook-core:13.2.0] AndroidManifest.xml:50:17-95
190-->[com.facebook.android:facebook-core:13.2.0] AndroidManifest.xml:50:25-92
191            </intent-filter>
192        </receiver>
193        <receiver
193-->[com.facebook.android:facebook-core:13.2.0] AndroidManifest.xml:53:9-59:20
194            android:name="com.facebook.AuthenticationTokenManager$CurrentAuthenticationTokenChangedBroadcastReceiver"
194-->[com.facebook.android:facebook-core:13.2.0] AndroidManifest.xml:54:13-118
195            android:exported="false" >
195-->[com.facebook.android:facebook-core:13.2.0] AndroidManifest.xml:55:13-37
196            <intent-filter>
196-->[com.facebook.android:facebook-core:13.2.0] AndroidManifest.xml:56:13-58:29
197                <action android:name="com.facebook.sdk.ACTION_CURRENT_AUTHENTICATION_TOKEN_CHANGED" />
197-->[com.facebook.android:facebook-core:13.2.0] AndroidManifest.xml:57:17-103
197-->[com.facebook.android:facebook-core:13.2.0] AndroidManifest.xml:57:25-100
198            </intent-filter>
199        </receiver>
200
201        <activity
201-->[com.google.android.gms:play-services-auth:20.2.0] AndroidManifest.xml:23:9-27:75
202            android:name="com.google.android.gms.auth.api.signin.internal.SignInHubActivity"
202-->[com.google.android.gms:play-services-auth:20.2.0] AndroidManifest.xml:24:13-93
203            android:excludeFromRecents="true"
203-->[com.google.android.gms:play-services-auth:20.2.0] AndroidManifest.xml:25:13-46
204            android:exported="false"
204-->[com.google.android.gms:play-services-auth:20.2.0] AndroidManifest.xml:26:13-37
205            android:theme="@android:style/Theme.Translucent.NoTitleBar" />
205-->[com.google.android.gms:play-services-auth:20.2.0] AndroidManifest.xml:27:13-72
206        <!--
207            Service handling Google Sign-In user revocation. For apps that do not integrate with
208            Google Sign-In, this service will never be started.
209        -->
210        <service
210-->[com.google.android.gms:play-services-auth:20.2.0] AndroidManifest.xml:33:9-37:51
211            android:name="com.google.android.gms.auth.api.signin.RevocationBoundService"
211-->[com.google.android.gms:play-services-auth:20.2.0] AndroidManifest.xml:34:13-89
212            android:exported="true"
212-->[com.google.android.gms:play-services-auth:20.2.0] AndroidManifest.xml:35:13-36
213            android:permission="com.google.android.gms.auth.api.signin.permission.REVOCATION_NOTIFICATION"
213-->[com.google.android.gms:play-services-auth:20.2.0] AndroidManifest.xml:36:13-107
214            android:visibleToInstantApps="true" />
214-->[com.google.android.gms:play-services-auth:20.2.0] AndroidManifest.xml:37:13-48
215
216        <provider
216-->[com.google.firebase:firebase-common:20.1.0] AndroidManifest.xml:26:9-31:39
217            android:name="com.google.firebase.provider.FirebaseInitProvider"
217-->[com.google.firebase:firebase-common:20.1.0] AndroidManifest.xml:27:13-77
218            android:authorities="com.divinando.tfg.adivinando.firebaseinitprovider"
218-->[com.google.firebase:firebase-common:20.1.0] AndroidManifest.xml:28:13-72
219            android:directBootAware="true"
219-->[com.google.firebase:firebase-common:20.1.0] AndroidManifest.xml:29:13-43
220            android:exported="false"
220-->[com.google.firebase:firebase-common:20.1.0] AndroidManifest.xml:30:13-37
221            android:initOrder="100" />
221-->[com.google.firebase:firebase-common:20.1.0] AndroidManifest.xml:31:13-36
222
223        <activity
223-->[com.google.android.gms:play-services-base:18.0.1] AndroidManifest.xml:20:9-22:45
224            android:name="com.google.android.gms.common.api.GoogleApiActivity"
224-->[com.google.android.gms:play-services-base:18.0.1] AndroidManifest.xml:20:19-85
225            android:exported="false"
225-->[com.google.android.gms:play-services-base:18.0.1] AndroidManifest.xml:22:19-43
226            android:theme="@android:style/Theme.Translucent.NoTitleBar" />
226-->[com.google.android.gms:play-services-base:18.0.1] AndroidManifest.xml:21:19-78
227
228        <receiver
228-->[com.google.android.gms:play-services-measurement:21.0.0] AndroidManifest.xml:29:9-33:20
229            android:name="com.google.android.gms.measurement.AppMeasurementReceiver"
229-->[com.google.android.gms:play-services-measurement:21.0.0] AndroidManifest.xml:30:13-85
230            android:enabled="true"
230-->[com.google.android.gms:play-services-measurement:21.0.0] AndroidManifest.xml:31:13-35
231            android:exported="false" >
231-->[com.google.android.gms:play-services-measurement:21.0.0] AndroidManifest.xml:32:13-37
232        </receiver>
233
234        <service
234-->[com.google.android.gms:play-services-measurement:21.0.0] AndroidManifest.xml:35:9-38:40
235            android:name="com.google.android.gms.measurement.AppMeasurementService"
235-->[com.google.android.gms:play-services-measurement:21.0.0] AndroidManifest.xml:36:13-84
236            android:enabled="true"
236-->[com.google.android.gms:play-services-measurement:21.0.0] AndroidManifest.xml:37:13-35
237            android:exported="false" />
237-->[com.google.android.gms:play-services-measurement:21.0.0] AndroidManifest.xml:38:13-37
238        <service
238-->[com.google.android.gms:play-services-measurement:21.0.0] AndroidManifest.xml:39:9-43:72
239            android:name="com.google.android.gms.measurement.AppMeasurementJobService"
239-->[com.google.android.gms:play-services-measurement:21.0.0] AndroidManifest.xml:40:13-87
240            android:enabled="true"
240-->[com.google.android.gms:play-services-measurement:21.0.0] AndroidManifest.xml:41:13-35
241            android:exported="false"
241-->[com.google.android.gms:play-services-measurement:21.0.0] AndroidManifest.xml:42:13-37
242            android:permission="android.permission.BIND_JOB_SERVICE" />
242-->[com.google.android.gms:play-services-measurement:21.0.0] AndroidManifest.xml:43:13-69
243
244        <meta-data
244-->[com.google.android.gms:play-services-basement:18.0.0] AndroidManifest.xml:21:9-23:69
245            android:name="com.google.android.gms.version"
245-->[com.google.android.gms:play-services-basement:18.0.0] AndroidManifest.xml:22:13-58
246            android:value="@integer/google_play_services_version" />
246-->[com.google.android.gms:play-services-basement:18.0.0] AndroidManifest.xml:23:13-66
247
248        <provider
248-->[androidx.emoji2:emoji2:1.0.0] AndroidManifest.xml:26:9-34:20
249            android:name="androidx.startup.InitializationProvider"
249-->[androidx.emoji2:emoji2:1.0.0] AndroidManifest.xml:27:13-67
250            android:authorities="com.divinando.tfg.adivinando.androidx-startup"
250-->[androidx.emoji2:emoji2:1.0.0] AndroidManifest.xml:28:13-68
251            android:exported="false" >
251-->[androidx.emoji2:emoji2:1.0.0] AndroidManifest.xml:29:13-37
252            <meta-data
252-->[androidx.emoji2:emoji2:1.0.0] AndroidManifest.xml:31:13-33:52
253                android:name="androidx.emoji2.text.EmojiCompatInitializer"
253-->[androidx.emoji2:emoji2:1.0.0] AndroidManifest.xml:32:17-75
254                android:value="androidx.startup" />
254-->[androidx.emoji2:emoji2:1.0.0] AndroidManifest.xml:33:17-49
255            <meta-data
255-->[androidx.lifecycle:lifecycle-process:2.4.0] AndroidManifest.xml:31:13-33:52
256                android:name="androidx.lifecycle.ProcessLifecycleInitializer"
256-->[androidx.lifecycle:lifecycle-process:2.4.0] AndroidManifest.xml:32:17-78
257                android:value="androidx.startup" />
257-->[androidx.lifecycle:lifecycle-process:2.4.0] AndroidManifest.xml:33:17-49
258        </provider>
259    </application>
260
261</manifest>